[ 2018-09-18T09:46:58+08:00 ] 119.126.105.239 /Admin/Payin/select
NOTIC: [8] Undefined index: admin_avatar /www/web/fast_com/public_html/data/runtime/Cache/Admin/00fc00a44416882d9c5a4c588b4b0954.php 第 161 行.
NOTIC: [8] Undefined index: agsettle_status /www/web/fast_com/public_html/data/runtime/Cache/Admin/00fc00a44416882d9c5a4c588b4b0954.php 第 456 行.
NOTIC: [8] Undefined index: agsettle_status /www/web/fast_com/public_html/data/runtime/Cache/Admin/00fc00a44416882d9c5a4c588b4b0954.php 第 456 行.
NOTIC: [8] Undefined index: agsettle_status /www/web/fast_com/public_html/data/runtime/Cache/Admin/00fc00a44416882d9c5a4c588b4b0954.php 第 456 行.
NOTIC: [8] Undefined index: agsettle_status /www/web/fast_com/public_html/data/runtime/Cache/Admin/00fc00a44416882d9c5a4c588b4b0954.php 第 456 行.
NOTIC: [8] Undefined index: agsettle_status /www/web/fast_com/public_html/data/runtime/Cache/Admin/00fc00a44416882d9c5a4c588b4b0954.php 第 456 行.
NOTIC: [8] Undefined index: agsettle_status /www/web/fast_com/public_html/data/runtime/Cache/Admin/00fc00a44416882d9c5a4c588b4b0954.php 第 456 行.
NOTIC: [8] Undefined index: agsettle_status /www/web/fast_com/public_html/data/runtime/Cache/Admin/00fc00a44416882d9c5a4c588b4b0954.php 第 456 行.
NOTIC: [8] Undefined index: agsettle_status /www/web/fast_com/public_html/data/runtime/Cache/Admin/00fc00a44416882d9c5a4c588b4b0954.php 第 456 行.
NOTIC: [8] Undefined index: agsettle_status /www/web/fast_com/public_html/data/runtime/Cache/Admin/00fc00a44416882d9c5a4c588b4b0954.php 第 456 行.
NOTIC: [8] Undefined index: agsettle_status /www/web/fast_com/public_html/data/runtime/Cache/Admin/00fc00a44416882d9c5a4c588b4b0954.php 第 456 行.

[ 2018-09-18T09:47:06+08:00 ] 119.126.105.239 /Admin/Payin/payin_list
NOTIC: [8] Undefined index: admin_avatar /www/web/fast_com/public_html/data/runtime/Cache/Admin/81f70c4dd88355b4bfca0b75ca8b9e34.php 第 161 行.
NOTIC: [2] number_format() expects parameter 1 to be double, string given /www/web/fast_com/public_html/data/runtime/Cache/Admin/81f70c4dd88355b4bfca0b75ca8b9e34.php 第 514 行.
NOTIC: [2] number_format() expects parameter 1 to be double, string given /www/web/fast_com/public_html/data/runtime/Cache/Admin/81f70c4dd88355b4bfca0b75ca8b9e34.php 第 515 行.
NOTIC: [2] number_format() expects parameter 1 to be double, string given /www/web/fast_com/public_html/data/runtime/Cache/Admin/81f70c4dd88355b4bfca0b75ca8b9e34.php 第 516 行.
NOTIC: [2] number_format() expects parameter 1 to be double, string given /www/web/fast_com/public_html/data/runtime/Cache/Admin/81f70c4dd88355b4bfca0b75ca8b9e34.php 第 517 行.

[ 2018-09-18T09:47:43+08:00 ] 119.126.105.239 /Admin/Payin/select
NOTIC: [8] Undefined index: admin_avatar /www/web/fast_com/public_html/data/runtime/Cache/Admin/00fc00a44416882d9c5a4c588b4b0954.php 第 161 行.
NOTIC: [8] Undefined index: agsettle_status /www/web/fast_com/public_html/data/runtime/Cache/Admin/00fc00a44416882d9c5a4c588b4b0954.php 第 456 行.
NOTIC: [8] Undefined index: agsettle_status /www/web/fast_com/public_html/data/runtime/Cache/Admin/00fc00a44416882d9c5a4c588b4b0954.php 第 456 行.
NOTIC: [8] Undefined index: agsettle_status /www/web/fast_com/public_html/data/runtime/Cache/Admin/00fc00a44416882d9c5a4c588b4b0954.php 第 456 行.
NOTIC: [8] Undefined index: agsettle_status /www/web/fast_com/public_html/data/runtime/Cache/Admin/00fc00a44416882d9c5a4c588b4b0954.php 第 456 行.
NOTIC: [8] Undefined index: agsettle_status /www/web/fast_com/public_html/data/runtime/Cache/Admin/00fc00a44416882d9c5a4c588b4b0954.php 第 456 行.
NOTIC: [8] Undefined index: agsettle_status /www/web/fast_com/public_html/data/runtime/Cache/Admin/00fc00a44416882d9c5a4c588b4b0954.php 第 456 行.
NOTIC: [8] Undefined index: agsettle_status /www/web/fast_com/public_html/data/runtime/Cache/Admin/00fc00a44416882d9c5a4c588b4b0954.php 第 456 行.
NOTIC: [8] Undefined index: agsettle_status /www/web/fast_com/public_html/data/runtime/Cache/Admin/00fc00a44416882d9c5a4c588b4b0954.php 第 456 行.
NOTIC: [8] Undefined index: agsettle_status /www/web/fast_com/public_html/data/runtime/Cache/Admin/00fc00a44416882d9c5a4c588b4b0954.php 第 456 行.
NOTIC: [8] Undefined index: agsettle_status /www/web/fast_com/public_html/data/runtime/Cache/Admin/00fc00a44416882d9c5a4c588b4b0954.php 第 456 行.

[ 2018-09-18T09:47:50+08:00 ] 119.126.105.239 /Admin/Payin/select
NOTIC: [8] Undefined index: admin_avatar /www/web/fast_com/public_html/data/runtime/Cache/Admin/00fc00a44416882d9c5a4c588b4b0954.php 第 161 行.
NOTIC: [8] Undefined index: agsettle_status /www/web/fast_com/public_html/data/runtime/Cache/Admin/00fc00a44416882d9c5a4c588b4b0954.php 第 456 行.
NOTIC: [8] Undefined index: agsettle_status /www/web/fast_com/public_html/data/runtime/Cache/Admin/00fc00a44416882d9c5a4c588b4b0954.php 第 456 行.
NOTIC: [8] Undefined index: agsettle_status /www/web/fast_com/public_html/data/runtime/Cache/Admin/00fc00a44416882d9c5a4c588b4b0954.php 第 456 行.
NOTIC: [8] Undefined index: agsettle_status /www/web/fast_com/public_html/data/runtime/Cache/Admin/00fc00a44416882d9c5a4c588b4b0954.php 第 456 行.
NOTIC: [8] Undefined index: agsettle_status /www/web/fast_com/public_html/data/runtime/Cache/Admin/00fc00a44416882d9c5a4c588b4b0954.php 第 456 行.
NOTIC: [8] Undefined index: agsettle_status /www/web/fast_com/public_html/data/runtime/Cache/Admin/00fc00a44416882d9c5a4c588b4b0954.php 第 456 行.
NOTIC: [8] Undefined index: agsettle_status /www/web/fast_com/public_html/data/runtime/Cache/Admin/00fc00a44416882d9c5a4c588b4b0954.php 第 456 行.
NOTIC: [8] Undefined index: agsettle_status /www/web/fast_com/public_html/data/runtime/Cache/Admin/00fc00a44416882d9c5a4c588b4b0954.php 第 456 行.
NOTIC: [8] Undefined index: agsettle_status /www/web/fast_com/public_html/data/runtime/Cache/Admin/00fc00a44416882d9c5a4c588b4b0954.php 第 456 行.
NOTIC: [8] Undefined index: agsettle_status /www/web/fast_com/public_html/data/runtime/Cache/Admin/00fc00a44416882d9c5a4c588b4b0954.php 第 456 行.

[ 2018-09-18T09:47:57+08:00 ] 119.126.105.239 /Admin/Payin/payin_list
NOTIC: [8] Undefined index: admin_avatar /www/web/fast_com/public_html/data/runtime/Cache/Admin/81f70c4dd88355b4bfca0b75ca8b9e34.php 第 161 行.
NOTIC: [2] number_format() expects parameter 1 to be double, string given /www/web/fast_com/public_html/data/runtime/Cache/Admin/81f70c4dd88355b4bfca0b75ca8b9e34.php 第 514 行.
NOTIC: [2] number_format() expects parameter 1 to be double, string given /www/web/fast_com/public_html/data/runtime/Cache/Admin/81f70c4dd88355b4bfca0b75ca8b9e34.php 第 515 行.
NOTIC: [2] number_format() expects parameter 1 to be double, string given /www/web/fast_com/public_html/data/runtime/Cache/Admin/81f70c4dd88355b4bfca0b75ca8b9e34.php 第 516 行.
NOTIC: [2] number_format() expects parameter 1 to be double, string given /www/web/fast_com/public_html/data/runtime/Cache/Admin/81f70c4dd88355b4bfca0b75ca8b9e34.php 第 517 行.

[ 2018-09-18T09:48:42+08:00 ] 119.126.105.239 /Admin/Payin/payin_list
NOTIC: [8] Undefined index: admin_avatar /www/web/fast_com/public_html/data/runtime/Cache/Admin/81f70c4dd88355b4bfca0b75ca8b9e34.php 第 161 行.
NOTIC: [2] number_format() expects parameter 1 to be double, string given /www/web/fast_com/public_html/data/runtime/Cache/Admin/81f70c4dd88355b4bfca0b75ca8b9e34.php 第 514 行.
NOTIC: [2] number_format() expects parameter 1 to be double, string given /www/web/fast_com/public_html/data/runtime/Cache/Admin/81f70c4dd88355b4bfca0b75ca8b9e34.php 第 515 行.
NOTIC: [2] number_format() expects parameter 1 to be double, string given /www/web/fast_com/public_html/data/runtime/Cache/Admin/81f70c4dd88355b4bfca0b75ca8b9e34.php 第 516 行.
NOTIC: [2] number_format() expects parameter 1 to be double, string given /www/web/fast_com/public_html/data/runtime/Cache/Admin/81f70c4dd88355b4bfca0b75ca8b9e34.php 第 517 行.

[ 2018-09-18T09:48:51+08:00 ] 119.126.105.239 /Admin/Payin/payin_list
NOTIC: [8] Undefined index: admin_avatar /www/web/fast_com/public_html/data/runtime/Cache/Admin/81f70c4dd88355b4bfca0b75ca8b9e34.php 第 161 行.
NOTIC: [8] Undefined index: agsettle_status /www/web/fast_com/public_html/data/runtime/Cache/Admin/81f70c4dd88355b4bfca0b75ca8b9e34.php 第 460 行.
NOTIC: [8] Undefined index: id /www/web/fast_com/public_html/data/runtime/Cache/Admin/81f70c4dd88355b4bfca0b75ca8b9e34.php 第 499 行.
NOTIC: [8] Undefined index: agsettle_status /www/web/fast_com/public_html/data/runtime/Cache/Admin/81f70c4dd88355b4bfca0b75ca8b9e34.php 第 460 行.
NOTIC: [8] Undefined index: id /www/web/fast_com/public_html/data/runtime/Cache/Admin/81f70c4dd88355b4bfca0b75ca8b9e34.php 第 499 行.
NOTIC: [8] Undefined index: agsettle_status /www/web/fast_com/public_html/data/runtime/Cache/Admin/81f70c4dd88355b4bfca0b75ca8b9e34.php 第 460 行.
NOTIC: [8] Undefined index: id /www/web/fast_com/public_html/data/runtime/Cache/Admin/81f70c4dd88355b4bfca0b75ca8b9e34.php 第 499 行.
NOTIC: [8] Undefined index: agsettle_status /www/web/fast_com/public_html/data/runtime/Cache/Admin/81f70c4dd88355b4bfca0b75ca8b9e34.php 第 460 行.
NOTIC: [8] Undefined index: id /www/web/fast_com/public_html/data/runtime/Cache/Admin/81f70c4dd88355b4bfca0b75ca8b9e34.php 第 499 行.
NOTIC: [8] Undefined index: agsettle_status /www/web/fast_com/public_html/data/runtime/Cache/Admin/81f70c4dd88355b4bfca0b75ca8b9e34.php 第 460 行.
NOTIC: [8] Undefined index: id /www/web/fast_com/public_html/data/runtime/Cache/Admin/81f70c4dd88355b4bfca0b75ca8b9e34.php 第 499 行.
NOTIC: [8] Undefined index: agsettle_status /www/web/fast_com/public_html/data/runtime/Cache/Admin/81f70c4dd88355b4bfca0b75ca8b9e34.php 第 460 行.
NOTIC: [8] Undefined index: id /www/web/fast_com/public_html/data/runtime/Cache/Admin/81f70c4dd88355b4bfca0b75ca8b9e34.php 第 499 行.
NOTIC: [8] Undefined index: agsettle_status /www/web/fast_com/public_html/data/runtime/Cache/Admin/81f70c4dd88355b4bfca0b75ca8b9e34.php 第 460 行.
NOTIC: [8] Undefined index: id /www/web/fast_com/public_html/data/runtime/Cache/Admin/81f70c4dd88355b4bfca0b75ca8b9e34.php 第 499 行.
NOTIC: [8] Undefined index: agsettle_status /www/web/fast_com/public_html/data/runtime/Cache/Admin/81f70c4dd88355b4bfca0b75ca8b9e34.php 第 460 行.
NOTIC: [8] Undefined index: id /www/web/fast_com/public_html/data/runtime/Cache/Admin/81f70c4dd88355b4bfca0b75ca8b9e34.php 第 499 行.
NOTIC: [8] Undefined index: agsettle_status /www/web/fast_com/public_html/data/runtime/Cache/Admin/81f70c4dd88355b4bfca0b75ca8b9e34.php 第 460 行.
NOTIC: [8] Undefined index: id /www/web/fast_com/public_html/data/runtime/Cache/Admin/81f70c4dd88355b4bfca0b75ca8b9e34.php 第 499 行.
NOTIC: [8] Undefined index: agsettle_status /www/web/fast_com/public_html/data/runtime/Cache/Admin/81f70c4dd88355b4bfca0b75ca8b9e34.php 第 460 行.
NOTIC: [8] Undefined index: id /www/web/fast_com/public_html/data/runtime/Cache/Admin/81f70c4dd88355b4bfca0b75ca8b9e34.php 第 499 行.

[ 2018-09-18T09:48:58+08:00 ] 119.126.105.239 /Admin/Payin/payin_list
NOTIC: [8] Undefined index: admin_avatar /www/web/fast_com/public_html/data/runtime/Cache/Admin/81f70c4dd88355b4bfca0b75ca8b9e34.php 第 161 行.
NOTIC: [2] number_format() expects parameter 1 to be double, string given /www/web/fast_com/public_html/data/runtime/Cache/Admin/81f70c4dd88355b4bfca0b75ca8b9e34.php 第 514 行.
NOTIC: [2] number_format() expects parameter 1 to be double, string given /www/web/fast_com/public_html/data/runtime/Cache/Admin/81f70c4dd88355b4bfca0b75ca8b9e34.php 第 515 行.
NOTIC: [2] number_format() expects parameter 1 to be double, string given /www/web/fast_com/public_html/data/runtime/Cache/Admin/81f70c4dd88355b4bfca0b75ca8b9e34.php 第 516 行.
NOTIC: [2] number_format() expects parameter 1 to be double, string given /www/web/fast_com/public_html/data/runtime/Cache/Admin/81f70c4dd88355b4bfca0b75ca8b9e34.php 第 517 行.

[ 2018-09-18T09:49:06+08:00 ] 119.126.105.239 /Admin/Payin/payin_list
NOTIC: [8] Undefined index: admin_avatar /www/web/fast_com/public_html/data/runtime/Cache/Admin/81f70c4dd88355b4bfca0b75ca8b9e34.php 第 161 行.
NOTIC: [8] Undefined index: agsettle_status /www/web/fast_com/public_html/data/runtime/Cache/Admin/81f70c4dd88355b4bfca0b75ca8b9e34.php 第 460 行.
NOTIC: [8] Undefined index: id /www/web/fast_com/public_html/data/runtime/Cache/Admin/81f70c4dd88355b4bfca0b75ca8b9e34.php 第 499 行.

[ 2018-09-18T09:50:37+08:00 ] 119.126.105.239 /Admin/Payout/turnOneToBankPage
NOTIC: [8] Undefined index: payout_rate /www/web/fast_com/public_html/app/Admin/Controller/PayoutController.class.php 第 176 行.
NOTIC: [8] Undefined index: admin_avatar /www/web/fast_com/public_html/data/runtime/Cache/Admin/9b93a7c610633affba3e5b3260bf781f.php 第 161 行.
NOTIC: [8] Use of undefined constant member_list_userinfoid - assumed 'member_list_userinfoid' /www/web/fast_com/public_html/data/runtime/Cache/Admin/9b93a7c610633affba3e5b3260bf781f.php 第 291 行.
NOTIC: [8] Undefined variable: member_list_edit /www/web/fast_com/public_html/data/runtime/Cache/Admin/9b93a7c610633affba3e5b3260bf781f.php 第 291 行.
NOTIC: [8] Use of undefined constant member_list_userinfoid - assumed 'member_list_userinfoid' /www/web/fast_com/public_html/data/runtime/Cache/Admin/9b93a7c610633affba3e5b3260bf781f.php 第 291 行.
NOTIC: [8] Undefined variable: member_list_edit /www/web/fast_com/public_html/data/runtime/Cache/Admin/9b93a7c610633affba3e5b3260bf781f.php 第 291 行.
NOTIC: [8] Use of undefined constant member_list_userinfoid - assumed 'member_list_userinfoid' /www/web/fast_com/public_html/data/runtime/Cache/Admin/9b93a7c610633affba3e5b3260bf781f.php 第 291 行.
NOTIC: [8] Undefined variable: member_list_edit /www/web/fast_com/public_html/data/runtime/Cache/Admin/9b93a7c610633affba3e5b3260bf781f.php 第 291 行.
NOTIC: [8] Undefined variable: sub_user_list /www/web/fast_com/public_html/data/runtime/Cache/Admin/9b93a7c610633affba3e5b3260bf781f.php 第 323 行.

[ 2018-09-18T09:50:40+08:00 ] 119.126.105.239 /Admin/Payout/turnFoOrderPage
NOTIC: [8] Undefined index: admin_avatar /www/web/fast_com/public_html/data/runtime/Cache/Admin/8177c016dd598059e2447ce54a56d8ee.php 第 161 行.
NOTIC: [2] number_format() expects parameter 1 to be double, string given /www/web/fast_com/public_html/data/runtime/Cache/Admin/8177c016dd598059e2447ce54a56d8ee.php 第 415 行.
NOTIC: [2] number_format() expects parameter 1 to be double, string given /www/web/fast_com/public_html/data/runtime/Cache/Admin/8177c016dd598059e2447ce54a56d8ee.php 第 416 行.
NOTIC: [8] Undefined variable: status /www/web/fast_com/public_html/data/runtime/Cache/Admin/8177c016dd598059e2447ce54a56d8ee.php 第 421 行.

[ 2018-09-18T09:50:45+08:00 ] 119.126.105.239 /Admin/Payout/turnFoAuditOrderPage
NOTIC: [8] Undefined index: admin_avatar /www/web/fast_com/public_html/data/runtime/Cache/Admin/c49e33c87aff8c79798c8b8253fb6550.php 第 161 行.
NOTIC: [8] Undefined variable: sldate /www/web/fast_com/public_html/data/runtime/Cache/Admin/c49e33c87aff8c79798c8b8253fb6550.php 第 286 行.
NOTIC: [8] Undefined variable: keyy /www/web/fast_com/public_html/data/runtime/Cache/Admin/c49e33c87aff8c79798c8b8253fb6550.php 第 292 行.
NOTIC: [8] Undefined variable: sldate /www/web/fast_com/public_html/data/runtime/Cache/Admin/c49e33c87aff8c79798c8b8253fb6550.php 第 419 行.
NOTIC: [8] Undefined variable: status /www/web/fast_com/public_html/data/runtime/Cache/Admin/c49e33c87aff8c79798c8b8253fb6550.php 第 419 行.

